[Breakpoint 0]
Enabled=true
File=main.cpp
Line=372
Temporary=false

[Breakpoint 1]
Enabled=true
File=main.cpp
Line=325
Temporary=false

[Breakpoint 2]
Enabled=true
File=GrainsStat.cpp
Line=16
Temporary=false

[Breakpoint 3]
Enabled=true
File=main.cpp
Line=128
Temporary=false

[General]
DebuggerCmdStr=
DriverName=GDB
FileVersion=1
OptionsSelected=
ProgramArgs=/home/cenna/Results/test/
TTYLevel=7
WorkingDirectory=

[Memory]
ColumnWidths=80,0
NumExprs=0

[Watches]
Expr0=MGsize[ni]
Expr1=Inds[i+jn]
Expr2=2/3
Expr3=delx2
Expr4=2/3/(delx*delx)
Expr5=double(2/3)
