[Breakpoint 0]
Enabled=true
File=main.cpp
Line=451
Temporary=false

[Breakpoint 1]
Enabled=true
File=main.cpp
Line=471
Temporary=false

[General]
DebuggerCmdStr=
DriverName=GDB
FileVersion=1
OptionsSelected=
ProgramArgs=/media/disk/sim_res/test/19points/
TTYLevel=7
WorkingDirectory=

[Memory]
ColumnWidths=80,0
NumExprs=0

[Watches]
Expr0=eta[0]
Expr1=eta[1]
Expr2=inds[inplus1+jn+kn+0*size3]
Expr3=inds[9]
Expr4=inds[inplus1+jn+kn+minind*size3]
Expr5=inds[inminus1+jn+kn+minind*size3]
Expr6=inds[i+jn+kn+pnn]
