[Breakpoint 0]
Enabled=true
File=main.cpp
Line=34
Temporary=false

[Breakpoint 1]
Enabled=true
File=main.cpp
Line=178
Temporary=false

[Breakpoint 2]
Enabled=true
File=main.cpp
Line=211
Temporary=false

[Breakpoint 3]
Enabled=true
File=main.cpp
Line=249
Temporary=false

[General]
DebuggerCmdStr=
DriverName=GDB
FileVersion=1
OptionsSelected=
ProgramArgs=
TTYLevel=7
WorkingDirectory=

[Memory]
ColumnWidths=80,0
NumExprs=0

[Watches]
Expr0=neighboreta[nc]
Expr1=nc
Expr10=maxinds[2]
Expr11=maxinds[3]
Expr12=maxinds[4]
Expr13=maxetas[4]
Expr14=maxetas[0]
Expr15=maxetas[1]
Expr16=maxetas[2]
Expr17=maxetas[3]
Expr18=maxinds[maxi]
Expr19=eta2[i+jn+pnn]
Expr2=neighborinds[nc]
Expr3=peribc(i+ni,mboxsize)
Expr4=inds[i+jn+indscn]
Expr5=eta[i+jn+indscn]
Expr6=maxetas[indsc]
Expr7=maxinds[indsc]
Expr8=maxinds[0]
Expr9=maxinds[1]
